<?xml version="1.0" encoding="UTF-8"?>
<testsuite name="com.codenotfound.kafka.SpringKafkaApplicationTest" time="0.469" tests="1" errors="1" skipped="0" failures="0">
  <properties>
    <property name="idea.version" value="2020.2"/>
    <property name="java.runtime.name" value="OpenJDK Runtime Environment"/>
    <property name="java.vm.version" value="14.0.1+7"/>
    <property name="sun.boot.library.path" value="/home/user/.jdks/openjdk-14.0.1/lib"/>
    <property name="maven.multiModuleProjectDirectory" value="/home/user/PersonalWorkspace/personal-spring-kafka-json"/>
    <property name="java.vm.vendor" value="Oracle Corporation"/>
    <property name="java.vendor.url" value="https://java.oracle.com/"/>
    <property name="guice.disable.misplaced.annotation.check" value="true"/>
    <property name="path.separator" value=":"/>
    <property name="java.vm.name" value="OpenJDK 64-Bit Server VM"/>
    <property name="user.country" value="RU"/>
    <property name="sun.java.launcher" value="SUN_STANDARD"/>
    <property name="java.vm.specification.name" value="Java Virtual Machine Specification"/>
    <property name="user.dir" value="/home/user/PersonalWorkspace/personal-spring-kafka-json"/>
    <property name="java.vm.compressedOopsMode" value="Zero based"/>
    <property name="java.runtime.version" value="14.0.1+7"/>
    <property name="os.arch" value="amd64"/>
    <property name="java.io.tmpdir" value="/tmp"/>
    <property name="line.separator" value="&#10;"/>
    <property name="java.vm.specification.vendor" value="Oracle Corporation"/>
    <property name="os.name" value="Linux"/>
    <property name="maven.ext.class.path" value="/snap/intellij-idea-ultimate/239/plugins/maven/lib/maven-event-listener.jar"/>
    <property name="classworlds.conf" value="/snap/intellij-idea-ultimate/239/plugins/maven/lib/maven3/bin/m2.conf"/>
    <property name="sun.jnu.encoding" value="UTF-8"/>
    <property name="java.library.path" value="/usr/java/packages/lib:/usr/lib64:/lib64:/lib:/usr/lib"/>
    <property name="maven.conf" value="/snap/intellij-idea-ultimate/239/plugins/maven/lib/maven3/conf"/>
    <property name="jdk.debug" value="release"/>
    <property name="java.class.version" value="58.0"/>
    <property name="java.specification.name" value="Java Platform API Specification"/>
    <property name="sun.management.compiler" value="HotSpot 64-Bit Tiered Compilers"/>
    <property name="os.version" value="5.3.0-62-generic"/>
    <property name="user.home" value="/home/user"/>
    <property name="user.timezone" value="Europe/Kiev"/>
    <property name="file.encoding" value="UTF-8"/>
    <property name="java.specification.version" value="14"/>
    <property name="user.name" value="user"/>
    <property name="java.class.path" value="/snap/intellij-idea-ultimate/239/plugins/maven/lib/maven3/boot/plexus-classworlds-2.6.0.jar:/snap/intellij-idea-ultimate/239/plugins/maven/lib/maven3/boot/plexus-classworlds.license"/>
    <property name="java.vm.specification.version" value="14"/>
    <property name="sun.arch.data.model" value="64"/>
    <property name="sun.java.command" value="org.codehaus.classworlds.Launcher -Didea.version=2020.2 install"/>
    <property name="java.home" value="/home/user/.jdks/openjdk-14.0.1"/>
    <property name="user.language" value="ru"/>
    <property name="java.specification.vendor" value="Oracle Corporation"/>
    <property name="java.vm.info" value="mixed mode, sharing"/>
    <property name="java.version" value="14.0.1"/>
    <property name="securerandom.source" value="file:/dev/./urandom"/>
    <property name="java.vendor" value="Oracle Corporation"/>
    <property name="maven.home" value="/snap/intellij-idea-ultimate/239/plugins/maven/lib/maven3"/>
    <property name="file.separator" value="/"/>
    <property name="java.version.date" value="2020-04-14"/>
    <property name="java.vendor.url.bug" value="https://bugreport.java.com/bugreport/"/>
    <property name="sun.io.unicode.encoding" value="UnicodeLittle"/>
    <property name="sun.cpu.endian" value="little"/>
  </properties>
  <testcase name="com.codenotfound.kafka.SpringKafkaApplicationTest" classname="com.codenotfound.kafka.SpringKafkaApplicationTest" time="0.469">
    <error message="javax/xml/bind/DatatypeConverter" type="java.lang.NoClassDefFoundError">java.lang.NoClassDefFoundError: javax/xml/bind/DatatypeConverter
	at kafka.utils.CoreUtils$.urlSafeBase64EncodeNoPadding(CoreUtils.scala:294)
	at kafka.utils.CoreUtils$.generateUuidAsBase64(CoreUtils.scala:282)
	at kafka.server.KafkaServer$$anonfun$getOrGenerateClusterId$1.apply(KafkaServer.scala:335)
	at kafka.server.KafkaServer$$anonfun$getOrGenerateClusterId$1.apply(KafkaServer.scala:335)
	at scala.Option.getOrElse(Option.scala:121)
	at kafka.server.KafkaServer.getOrGenerateClusterId(KafkaServer.scala:335)
	at kafka.server.KafkaServer.startup(KafkaServer.scala:190)
	at kafka.utils.TestUtils$.createServer(TestUtils.scala:124)
	at kafka.utils.TestUtils.createServer(TestUtils.scala)
	at org.springframework.kafka.test.rule.KafkaEmbedded.before(KafkaEmbedded.java:156)
	at org.junit.rules.ExternalResource$1.evaluate(ExternalResource.java:46)
	at org.junit.rules.RunRules.evaluate(RunRules.java:20)
	at org.junit.runners.ParentRunner.run(ParentRunner.java:363)
	at org.springframework.test.context.junit4.SpringJUnit4ClassRunner.run(SpringJUnit4ClassRunner.java:191)
	at org.apache.maven.surefire.junit4.JUnit4Provider.execute(JUnit4Provider.java:283)
	at org.apache.maven.surefire.junit4.JUnit4Provider.executeWithRerun(JUnit4Provider.java:173)
	at org.apache.maven.surefire.junit4.JUnit4Provider.executeTestSet(JUnit4Provider.java:153)
	at org.apache.maven.surefire.junit4.JUnit4Provider.invoke(JUnit4Provider.java:128)
	at org.apache.maven.surefire.booter.ForkedBooter.invokeProviderInSameClassLoader(ForkedBooter.java:203)
	at org.apache.maven.surefire.booter.ForkedBooter.runSuitesInProcess(ForkedBooter.java:155)
	at org.apache.maven.surefire.booter.ForkedBooter.main(ForkedBooter.java:103)
Caused by: java.lang.ClassNotFoundException: javax.xml.bind.DatatypeConverter
	at java.base/jdk.internal.loader.BuiltinClassLoader.loadClass(BuiltinClassLoader.java:602)
	at java.base/jdk.internal.loader.ClassLoaders$AppClassLoader.loadClass(ClassLoaders.java:178)
	at java.base/java.lang.ClassLoader.loadClass(ClassLoader.java:522)
	at kafka.utils.CoreUtils$.urlSafeBase64EncodeNoPadding(CoreUtils.scala:294)
	at kafka.utils.CoreUtils$.generateUuidAsBase64(CoreUtils.scala:282)
	at kafka.server.KafkaServer$$anonfun$getOrGenerateClusterId$1.apply(KafkaServer.scala:335)
	at kafka.server.KafkaServer$$anonfun$getOrGenerateClusterId$1.apply(KafkaServer.scala:335)
	at scala.Option.getOrElse(Option.scala:121)
	at kafka.server.KafkaServer.getOrGenerateClusterId(KafkaServer.scala:335)
	at kafka.server.KafkaServer.startup(KafkaServer.scala:190)
	at kafka.utils.TestUtils$.createServer(TestUtils.scala:124)
	at kafka.utils.TestUtils.createServer(TestUtils.scala)
	at org.springframework.kafka.test.rule.KafkaEmbedded.before(KafkaEmbedded.java:156)
	at org.junit.rules.ExternalResource$1.evaluate(ExternalResource.java:46)
	at org.junit.rules.RunRules.evaluate(RunRules.java:20)
	at org.junit.runners.ParentRunner.run(ParentRunner.java:363)
	at org.springframework.test.context.junit4.SpringJUnit4ClassRunner.run(SpringJUnit4ClassRunner.java:191)
	at org.apache.maven.surefire.junit4.JUnit4Provider.execute(JUnit4Provider.java:283)
	at org.apache.maven.surefire.junit4.JUnit4Provider.executeWithRerun(JUnit4Provider.java:173)
	at org.apache.maven.surefire.junit4.JUnit4Provider.executeTestSet(JUnit4Provider.java:153)
	at org.apache.maven.surefire.junit4.JUnit4Provider.invoke(JUnit4Provider.java:128)
	at org.apache.maven.surefire.booter.ForkedBooter.invokeProviderInSameClassLoader(ForkedBooter.java:203)
	at org.apache.maven.surefire.booter.ForkedBooter.runSuitesInProcess(ForkedBooter.java:155)
	at org.apache.maven.surefire.booter.ForkedBooter.main(ForkedBooter.java:103)
</error>
    <system-out><![CDATA[15:28:29.612 [main] ERROR o.a.zookeeper.server.ZooKeeperServer - ZKShutdownHandler is not registered, so ZooKeeper server won't take any action on ERROR or SHUTDOWN server state changes
15:28:29.872 [main] ERROR kafka.server.KafkaServer - Fatal error during KafkaServer startup. Prepare to shutdown
java.lang.NoClassDefFoundError: javax/xml/bind/DatatypeConverter
	at kafka.utils.CoreUtils$.urlSafeBase64EncodeNoPadding(CoreUtils.scala:294)
	at kafka.utils.CoreUtils$.generateUuidAsBase64(CoreUtils.scala:282)
	at kafka.server.KafkaServer$$anonfun$getOrGenerateClusterId$1.apply(KafkaServer.scala:335)
	at kafka.server.KafkaServer$$anonfun$getOrGenerateClusterId$1.apply(KafkaServer.scala:335)
	at scala.Option.getOrElse(Option.scala:121)
	at kafka.server.KafkaServer.getOrGenerateClusterId(KafkaServer.scala:335)
	at kafka.server.KafkaServer.startup(KafkaServer.scala:190)
	at kafka.utils.TestUtils$.createServer(TestUtils.scala:124)
	at kafka.utils.TestUtils.createServer(TestUtils.scala)
	at org.springframework.kafka.test.rule.KafkaEmbedded.before(KafkaEmbedded.java:156)
	at org.junit.rules.ExternalResource$1.evaluate(ExternalResource.java:46)
	at org.junit.rules.RunRules.evaluate(RunRules.java:20)
	at org.junit.runners.ParentRunner.run(ParentRunner.java:363)
	at org.springframework.test.context.junit4.SpringJUnit4ClassRunner.run(SpringJUnit4ClassRunner.java:191)
	at org.apache.maven.surefire.junit4.JUnit4Provider.execute(JUnit4Provider.java:283)
	at org.apache.maven.surefire.junit4.JUnit4Provider.executeWithRerun(JUnit4Provider.java:173)
	at org.apache.maven.surefire.junit4.JUnit4Provider.executeTestSet(JUnit4Provider.java:153)
	at org.apache.maven.surefire.junit4.JUnit4Provider.invoke(JUnit4Provider.java:128)
	at org.apache.maven.surefire.booter.ForkedBooter.invokeProviderInSameClassLoader(ForkedBooter.java:203)
	at org.apache.maven.surefire.booter.ForkedBooter.runSuitesInProcess(ForkedBooter.java:155)
	at org.apache.maven.surefire.booter.ForkedBooter.main(ForkedBooter.java:103)
Caused by: java.lang.ClassNotFoundException: javax.xml.bind.DatatypeConverter
	at java.base/jdk.internal.loader.BuiltinClassLoader.loadClass(BuiltinClassLoader.java:602)
	at java.base/jdk.internal.loader.ClassLoaders$AppClassLoader.loadClass(ClassLoaders.java:178)
	at java.base/java.lang.ClassLoader.loadClass(ClassLoader.java:522)
	... 21 common frames omitted
]]></system-out>
  </testcase>
</testsuite>